action: GLOB, msg: packaging
cwd: /Users/alex/projects/django_dynamic_path
cmd: /Users/alex/projects/django_dynamic_path/venv/bin/python3 setup.py sdist --formats=zip --dist-dir .tox/dist
running sdist
running egg_info
writing django_dynamic_path_alex_81.egg-info/PKG-INFO
writing dependency_links to django_dynamic_path_alex_81.egg-info/dependency_links.txt
writing top-level names to django_dynamic_path_alex_81.egg-info/top_level.txt
reading manifest file 'django_dynamic_path_alex_81.egg-info/SOURCES.txt'
writing manifest file 'django_dynamic_path_alex_81.egg-info/SOURCES.txt'
running check
creating django_dynamic_path-alex_81-0.0.1
creating django_dynamic_path-alex_81-0.0.1/django_dynamic_path
creating django_dynamic_path-alex_81-0.0.1/django_dynamic_path_alex_81.egg-info
copying files to django_dynamic_path-alex_81-0.0.1...
copying README.md -> django_dynamic_path-alex_81-0.0.1
copying setup.py -> django_dynamic_path-alex_81-0.0.1
copying django_dynamic_path/__init__.py -> django_dynamic_path-alex_81-0.0.1/django_dynamic_path
copying django_dynamic_path_alex_81.egg-info/PKG-INFO -> django_dynamic_path-alex_81-0.0.1/django_dynamic_path_alex_81.egg-info
copying django_dynamic_path_alex_81.egg-info/SOURCES.txt -> django_dynamic_path-alex_81-0.0.1/django_dynamic_path_alex_81.egg-info
copying django_dynamic_path_alex_81.egg-info/dependency_links.txt -> django_dynamic_path-alex_81-0.0.1/django_dynamic_path_alex_81.egg-info
copying django_dynamic_path_alex_81.egg-info/top_level.txt -> django_dynamic_path-alex_81-0.0.1/django_dynamic_path_alex_81.egg-info
Writing django_dynamic_path-alex_81-0.0.1/setup.cfg
creating '.tox/dist/django_dynamic_path-alex_81-0.0.1.zip' and adding 'django_dynamic_path-alex_81-0.0.1' to it
adding 'django_dynamic_path-alex_81-0.0.1/PKG-INFO'
adding 'django_dynamic_path-alex_81-0.0.1/README.md'
adding 'django_dynamic_path-alex_81-0.0.1/setup.py'
adding 'django_dynamic_path-alex_81-0.0.1/setup.cfg'
adding 'django_dynamic_path-alex_81-0.0.1/django_dynamic_path_alex_81.egg-info/PKG-INFO'
adding 'django_dynamic_path-alex_81-0.0.1/django_dynamic_path_alex_81.egg-info/SOURCES.txt'
adding 'django_dynamic_path-alex_81-0.0.1/django_dynamic_path_alex_81.egg-info/top_level.txt'
adding 'django_dynamic_path-alex_81-0.0.1/django_dynamic_path_alex_81.egg-info/dependency_links.txt'
adding 'django_dynamic_path-alex_81-0.0.1/django_dynamic_path/__init__.py'
removing 'django_dynamic_path-alex_81-0.0.1' (and everything under it)
